[debug] [2023-10-17T20:07:24.951Z] ----------------------------------------------------------------------
[debug] [2023-10-17T20:07:24.952Z] Command:       C:\Program Files\nodejs\node.exe C:\Users\emwal\AppData\Roaming\npm\node_modules\firebase-tools\lib\bin\firebase.js init
[debug] [2023-10-17T20:07:24.953Z] CLI Version:   12.7.0
[debug] [2023-10-17T20:07:24.953Z] Platform:      win32
[debug] [2023-10-17T20:07:24.953Z] Node Version:  v18.16.0
[debug] [2023-10-17T20:07:24.957Z] Time:          Tue Oct 17 2023 15:07:24 GMT-0500 (Central Daylight Time)
[debug] [2023-10-17T20:07:24.957Z] ----------------------------------------------------------------------
[debug] 
[debug] [2023-10-17T20:07:25.032Z] > command requires scopes: ["email","openid","https://www.googleapis.com/auth/cloudplatformprojects.readonly","https://www.googleapis.com/auth/firebase","https://www.googleapis.com/auth/cloud-platform"]
[debug] [2023-10-17T20:07:25.032Z] > authorizing via signed-in user (realmichealbay1@gmail.com)
[info] 
     ######## #### ########  ######## ########     ###     ######  ########
     ##        ##  ##     ## ##       ##     ##  ##   ##  ##       ##
     ######    ##  ########  ######   ########  #########  ######  ######
     ##        ##  ##    ##  ##       ##     ## ##     ##       ## ##
     ##       #### ##     ## ######## ########  ##     ##  ######  ########

You're about to initialize a Firebase project in this directory:

  P:\Mass Storage 1\Creative stuff\Vs Code\Resume Site\resume-site

Before we get started, keep in mind:

  * You are initializing within an existing Firebase project directory

